<?xml version="1.0" encoding="UTF-8"?>
<testng-results skipped="0" failed="1" total="5" passed="4">
  <reporter-output>
  </reporter-output>
  <suite name="Default suite" duration-ms="8123" started-at="2014-06-10T21:27:05Z" finished-at="2014-06-10T21:27:13Z">
    <groups>
    </groups>
    <test name="Default test" duration-ms="8123" started-at="2014-06-10T21:27:05Z" finished-at="2014-06-10T21:27:13Z">
      <class name="com.cleo.versalex.testng.selenium.NewTest">
        <test-method status="PASS" signature="beforeSuite()[pri:0, instance:com.cleo.versalex.testng.selenium.NewTest@3abdf256]" name="beforeSuite" is-config="true" duration-ms="7" started-at="2014-06-10T16:27:05Z" finished-at="2014-06-10T16:27:05Z">
          <reporter-output>
          </reporter-output>
        </test-method> <!-- beforeSuite -->
        <test-method status="PASS" signature="beforeTest()[pri:0, instance:com.cleo.versalex.testng.selenium.NewTest@3abdf256]" name="beforeTest" is-config="true" duration-ms="0" started-at="2014-06-10T16:27:05Z" finished-at="2014-06-10T16:27:05Z">
          <reporter-output>
          </reporter-output>
        </test-method> <!-- beforeTest -->
        <test-method status="PASS" signature="setUp()[pri:0, instance:com.cleo.versalex.testng.selenium.NewTest@3abdf256]" name="setUp" is-config="true" duration-ms="4997" started-at="2014-06-10T16:27:05Z" finished-at="2014-06-10T16:27:10Z">
          <reporter-output>
          </reporter-output>
        </test-method> <!-- setUp -->
        <test-method status="PASS" signature="testSimple()[pri:0, instance:com.cleo.versalex.testng.selenium.NewTest@3abdf256]" name="testSimple" duration-ms="2545" started-at="2014-06-10T16:27:10Z" finished-at="2014-06-10T16:27:12Z">
          <reporter-output>
          </reporter-output>
        </test-method> <!-- testSimple -->
        <test-method status="PASS" signature="testSimple()[pri:0, instance:com.cleo.versalex.testng.selenium.NewTest@3abdf256]" name="testSimple" duration-ms="2545" started-at="2014-06-10T16:27:10Z" finished-at="2014-06-10T16:27:12Z">
          <reporter-output>
          </reporter-output>
        </test-method> <!-- testSimple -->
        <test-method status="PASS" signature="testSimple()[pri:0, instance:com.cleo.versalex.testng.selenium.NewTest@3abdf256]" name="testSimple" duration-ms="2545" started-at="2014-06-10T16:27:10Z" finished-at="2014-06-10T16:27:12Z">
          <reporter-output>
          </reporter-output>
        </test-method> <!-- testSimple -->
        <test-method status="PASS" signature="testSimple()[pri:0, instance:com.cleo.versalex.testng.selenium.NewTest@3abdf256]" name="testSimple" duration-ms="2546" started-at="2014-06-10T16:27:10Z" finished-at="2014-06-10T16:27:12Z">
          <reporter-output>
          </reporter-output>
        </test-method> <!-- testSimple -->
        <test-method status="FAIL" signature="testSimple()[pri:0, instance:com.cleo.versalex.testng.selenium.NewTest@3abdf256]" name="testSimple" duration-ms="2523" started-at="2014-06-10T16:27:10Z" finished-at="2014-06-10T16:27:12Z">
          <exception class="org.openqa.selenium.StaleElementReferenceException">
            <message>
              <![CDATA[Element not found in the cache - perhaps the page has changed since it was looked up
Command duration or timeout: 555 milliseconds
For documentation on this error, please visit: http://seleniumhq.org/exceptions/stale_element_reference.html
Build info: version: '2.41.0', revision: '3192d8a', time: '2014-03-27 17:17:32'
System info: host: 'SCONLIN1', ip: '10.10.101.43', os.name: 'Windows 7', os.arch: 'amd64', os.version: '6.1', java.version: '1.7.0_55'
Session ID: 643ac653-3bfd-481a-99a6-352fdaa92e58
Driver info: org.openqa.selenium.firefox.FirefoxDriver
Capabilities [{platform=XP, acceptSslCerts=true, javascriptEnabled=true, cssSelectorsEnabled=true, databaseEnabled=true, browserName=firefox, handlesAlerts=true, browserConnectionEnabled=true, webStorageEnabled=true, nativeEvents=false, rotatable=false, locationContextEnabled=true, applicationCacheEnabled=true, takesScreenshot=true, version=29.0.1}]]]>
            </message>
            <full-stacktrace>
              <![CDATA[org.openqa.selenium.StaleElementReferenceException: Element not found in the cache - perhaps the page has changed since it was looked up
Command duration or timeout: 555 milliseconds
For documentation on this error, please visit: http://seleniumhq.org/exceptions/stale_element_reference.html
Build info: version: '2.41.0', revision: '3192d8a', time: '2014-03-27 17:17:32'
System info: host: 'SCONLIN1', ip: '10.10.101.43', os.name: 'Windows 7', os.arch: 'amd64', os.version: '6.1', java.version: '1.7.0_55'
Session ID: 643ac653-3bfd-481a-99a6-352fdaa92e58
Driver info: org.openqa.selenium.firefox.FirefoxDriver
Capabilities [{platform=XP, acceptSslCerts=true, javascriptEnabled=true, cssSelectorsEnabled=true, databaseEnabled=true, browserName=firefox, handlesAlerts=true, browserConnectionEnabled=true, webStorageEnabled=true, nativeEvents=false, rotatable=false, locationContextEnabled=true, applicationCacheEnabled=true, takesScreenshot=true, version=29.0.1}]
	at sun.reflect.NativeConstructorAccessorImpl.newInstance0(Native Method)
	at sun.reflect.NativeConstructorAccessorImpl.newInstance(Unknown Source)
	at sun.reflect.DelegatingConstructorAccessorImpl.newInstance(Unknown Source)
	at java.lang.reflect.Constructor.newInstance(Unknown Source)
	at org.openqa.selenium.remote.ErrorHandler.createThrowable(ErrorHandler.java:193)
	at org.openqa.selenium.remote.ErrorHandler.throwIfResponseFailed(ErrorHandler.java:145)
	at org.openqa.selenium.remote.RemoteWebDriver.execute(RemoteWebDriver.java:595)
	at org.openqa.selenium.remote.RemoteWebElement.execute(RemoteWebElement.java:268)
	at org.openqa.selenium.remote.RemoteWebElement.getText(RemoteWebElement.java:152)
	at com.cleo.versalex.testng.selenium.NewTest.testSimple(NewTest.java:31)
	at sun.reflect.NativeMethodAccessorImpl.invoke0(Native Method)
	at sun.reflect.NativeMethodAccessorImpl.invoke(Unknown Source)
	at sun.reflect.DelegatingMethodAccessorImpl.invoke(Unknown Source)
	at java.lang.reflect.Method.invoke(Unknown Source)
	at org.testng.internal.MethodInvocationHelper.invokeMethod(MethodInvocationHelper.java:84)
	at org.testng.internal.Invoker.invokeMethod(Invoker.java:714)
	at org.testng.internal.Invoker.invokeTestMethod(Invoker.java:901)
	at org.testng.internal.Invoker.invokeTestMethods(Invoker.java:1231)
	at org.testng.internal.TestMethodWorker.invokeTestMethods(TestMethodWorker.java:127)
	at org.testng.internal.TestMethodWorker.run(TestMethodWorker.java:111)
	at org.testng.internal.thread.ThreadUtil$2.call(ThreadUtil.java:64)
	at java.util.concurrent.FutureTask.run(Unknown Source)
	at java.util.concurrent.ThreadPoolExecutor.runWorker(Unknown Source)
	at java.util.concurrent.ThreadPoolExecutor$Worker.run(Unknown Source)
	at java.lang.Thread.run(Unknown Source)
Caused by: org.openqa.selenium.remote.ErrorHandler$UnknownServerException: Element not found in the cache - perhaps the page has changed since it was looked up
Build info: version: '2.41.0', revision: '3192d8a', time: '2014-03-27 17:17:32'
System info: host: 'SCONLIN1', ip: '10.10.101.43', os.name: 'Windows 7', os.arch: 'amd64', os.version: '6.1', java.version: '1.7.0_55'
Driver info: driver.version: unknown
	at <anonymous class>.fxdriver.cache.getElementAt(resource://fxdriver/modules/web_element_cache.js:7610)
	at <anonymous class>.Utils.getElementAt(file:///C:/Users/SConlin/AppData/Local/Temp/anonymous3304453634414297047webdriver-profile/extensions/fxdriver@googlecode.com/components/command_processor.js:7210)
	at <anonymous class>.WebElement.getElementText(file:///C:/Users/SConlin/AppData/Local/Temp/anonymous3304453634414297047webdriver-profile/extensions/fxdriver@googlecode.com/components/command_processor.js:10322)
	at <anonymous class>.DelayedCommand.prototype.executeInternal_/h(file:///C:/Users/SConlin/AppData/Local/Temp/anonymous3304453634414297047webdriver-profile/extensions/fxdriver@googlecode.com/components/command_processor.js:10884)
	at <anonymous class>.DelayedCommand.prototype.executeInternal_(file:///C:/Users/SConlin/AppData/Local/Temp/anonymous3304453634414297047webdriver-profile/extensions/fxdriver@googlecode.com/components/command_processor.js:10889)
	at <anonymous class>.DelayedCommand.prototype.execute/<(file:///C:/Users/SConlin/AppData/Local/Temp/anonymous3304453634414297047webdriver-profile/extensions/fxdriver@googlecode.com/components/command_processor.js:10831)
]]>
            </full-stacktrace>
          </exception> <!-- org.openqa.selenium.StaleElementReferenceException -->
          <reporter-output>
          </reporter-output>
        </test-method> <!-- testSimple -->
        <test-method status="PASS" signature="tearDown()[pri:0, instance:com.cleo.versalex.testng.selenium.NewTest@3abdf256]" name="tearDown" is-config="true" duration-ms="563" started-at="2014-06-10T16:27:12Z" finished-at="2014-06-10T16:27:13Z">
          <reporter-output>
          </reporter-output>
        </test-method> <!-- tearDown -->
        <test-method status="PASS" signature="afterTest()[pri:0, instance:com.cleo.versalex.testng.selenium.NewTest@3abdf256]" name="afterTest" is-config="true" duration-ms="1" started-at="2014-06-10T16:27:13Z" finished-at="2014-06-10T16:27:13Z">
          <reporter-output>
          </reporter-output>
        </test-method> <!-- afterTest -->
        <test-method status="PASS" signature="afterSuite()[pri:0, instance:com.cleo.versalex.testng.selenium.NewTest@3abdf256]" name="afterSuite" is-config="true" duration-ms="0" started-at="2014-06-10T16:27:13Z" finished-at="2014-06-10T16:27:13Z">
          <reporter-output>
          </reporter-output>
        </test-method> <!-- afterSuite -->
      </class> <!-- com.cleo.versalex.testng.selenium.NewTest -->
    </test> <!-- Default test -->
  </suite> <!-- Default suite -->
</testng-results>
